{"C:\\Data\\Projects\\authup\\repositories\\authup\\global\\packages\\config\\src\\index.ts": {"path":"C:\\Data\\Projects\\authup\\repositories\\authup\\global\\packages\\config\\src\\index.ts","statementMap":{"0":{"start":{"line":8,"column":14},"end":{"line":8,"column":null}},"1":{"start":{"line":9,"column":14},"end":{"line":9,"column":null}}},"fnMap":{},"branchMap":{},"s":{"0":1,"1":1},"f":{},"b":{}}
,"C:\\Data\\Projects\\authup\\repositories\\authup\\global\\packages\\config\\src\\read.ts": {"path":"C:\\Data\\Projects\\authup\\repositories\\authup\\global\\packages\\config\\src\\read.ts","statementMap":{"0":{"start":{"line":108,"column":16},"end":{"line":108,"column":32}},"1":{"start":{"line":20,"column":22},"end":{"line":20,"column":32}},"2":{"start":{"line":8,"column":41},"end":{"line":8,"column":null}},"3":{"start":{"line":9,"column":50},"end":{"line":9,"column":null}},"4":{"start":{"line":10,"column":23},"end":{"line":10,"column":null}},"5":{"start":{"line":12,"column":46},"end":{"line":12,"column":null}},"6":{"start":{"line":13,"column":29},"end":{"line":13,"column":null}},"7":{"start":{"line":22,"column":4},"end":{"line":30,"column":null}},"8":{"start":{"line":23,"column":20},"end":{"line":25,"column":null}},"9":{"start":{"line":27,"column":8},"end":{"line":27,"column":null}},"10":{"start":{"line":29,"column":8},"end":{"line":29,"column":null}},"11":{"start":{"line":32,"column":22},"end":{"line":38,"column":null}},"12":{"start":{"line":40,"column":29},"end":{"line":43,"column":null}},"13":{"start":{"line":45,"column":4},"end":{"line":103,"column":null}},"14":{"start":{"line":45,"column":17},"end":{"line":45,"column":20}},"15":{"start":{"line":46,"column":21},"end":{"line":46,"column":null}},"16":{"start":{"line":47,"column":27},"end":{"line":47,"column":null}},"17":{"start":{"line":49,"column":8},"end":{"line":51,"column":null}},"18":{"start":{"line":50,"column":12},"end":{"line":50,"column":null}},"19":{"start":{"line":53,"column":22},"end":{"line":53,"column":null}},"20":{"start":{"line":54,"column":8},"end":{"line":54,"column":23}},"21":{"start":{"line":56,"column":8},"end":{"line":72,"column":null}},"22":{"start":{"line":57,"column":25},"end":{"line":57,"column":null}},"23":{"start":{"line":58,"column":12},"end":{"line":69,"column":null}},"24":{"start":{"line":58,"column":25},"end":{"line":58,"column":28}},"25":{"start":{"line":59,"column":16},"end":{"line":68,"column":null}},"26":{"start":{"line":63,"column":20},"end":{"line":67,"column":null}},"27":{"start":{"line":64,"column":24},"end":{"line":64,"column":null}},"28":{"start":{"line":66,"column":24},"end":{"line":66,"column":null}},"29":{"start":{"line":71,"column":12},"end":{"line":71,"column":null}},"30":{"start":{"line":74,"column":8},"end":{"line":89,"column":null}},"31":{"start":{"line":75,"column":27},"end":{"line":75,"column":null}},"32":{"start":{"line":76,"column":12},"end":{"line":78,"column":null}},"33":{"start":{"line":77,"column":16},"end":{"line":77,"column":null}},"34":{"start":{"line":80,"column":12},"end":{"line":86,"column":null}},"35":{"start":{"line":81,"column":16},"end":{"line":85,"column":null}},"36":{"start":{"line":82,"column":20},"end":{"line":82,"column":null}},"37":{"start":{"line":84,"column":20},"end":{"line":84,"column":null}},"38":{"start":{"line":88,"column":12},"end":{"line":88,"column":null}},"39":{"start":{"line":91,"column":8},"end":{"line":102,"column":null}},"40":{"start":{"line":92,"column":33},"end":{"line":92,"column":null}},"41":{"start":{"line":93,"column":12},"end":{"line":95,"column":null}},"42":{"start":{"line":94,"column":16},"end":{"line":94,"column":null}},"43":{"start":{"line":97,"column":12},"end":{"line":101,"column":null}},"44":{"start":{"line":98,"column":16},"end":{"line":98,"column":null}},"45":{"start":{"line":100,"column":16},"end":{"line":100,"column":null}},"46":{"start":{"line":105,"column":4},"end":{"line":105,"column":null}},"47":{"start":{"line":113,"column":4},"end":{"line":113,"column":null}}},"fnMap":{"0":{"name":"readConfig","decl":{"start":{"line":20,"column":22},"end":{"line":20,"column":32}},"loc":{"start":{"line":20,"column":59},"end":{"line":106,"column":null}}},"1":{"name":"extractConfigFor","decl":{"start":{"line":108,"column":16},"end":{"line":108,"column":32}},"loc":{"start":{"line":111,"column":16},"end":{"line":114,"column":null}}}},"branchMap":{"0":{"loc":{"start":{"line":22,"column":4},"end":{"line":30,"column":null}},"type":"if","locations":[{"start":{"line":22,"column":4},"end":{"line":30,"column":null}},{"start":{"line":28,"column":11},"end":{"line":30,"column":null}}]},"1":{"loc":{"start":{"line":23,"column":20},"end":{"line":25,"column":null}},"type":"cond-expr","locations":[{"start":{"line":24,"column":12},"end":{"line":24,"column":29}},{"start":{"line":25,"column":12},"end":{"line":25,"column":null}}]},"2":{"loc":{"start":{"line":49,"column":8},"end":{"line":51,"column":null}},"type":"if","locations":[{"start":{"line":49,"column":8},"end":{"line":51,"column":null}}]},"3":{"loc":{"start":{"line":56,"column":8},"end":{"line":72,"column":null}},"type":"if","locations":[{"start":{"line":56,"column":8},"end":{"line":72,"column":null}}]},"4":{"loc":{"start":{"line":59,"column":16},"end":{"line":68,"column":null}},"type":"if","locations":[{"start":{"line":59,"column":16},"end":{"line":68,"column":null}}]},"5":{"loc":{"start":{"line":60,"column":20},"end":{"line":61,"column":null}},"type":"binary-expr","locations":[{"start":{"line":60,"column":20},"end":{"line":60,"column":null}},{"start":{"line":61,"column":20},"end":{"line":61,"column":null}}]},"6":{"loc":{"start":{"line":63,"column":20},"end":{"line":67,"column":null}},"type":"if","locations":[{"start":{"line":63,"column":20},"end":{"line":67,"column":null}},{"start":{"line":65,"column":27},"end":{"line":67,"column":null}}]},"7":{"loc":{"start":{"line":74,"column":8},"end":{"line":89,"column":null}},"type":"if","locations":[{"start":{"line":74,"column":8},"end":{"line":89,"column":null}}]},"8":{"loc":{"start":{"line":76,"column":12},"end":{"line":78,"column":null}},"type":"if","locations":[{"start":{"line":76,"column":12},"end":{"line":78,"column":null}}]},"9":{"loc":{"start":{"line":76,"column":16},"end":{"line":76,"column":56}},"type":"binary-expr","locations":[{"start":{"line":76,"column":16},"end":{"line":76,"column":37}},{"start":{"line":76,"column":37},"end":{"line":76,"column":56}}]},"10":{"loc":{"start":{"line":80,"column":12},"end":{"line":86,"column":null}},"type":"if","locations":[{"start":{"line":80,"column":12},"end":{"line":86,"column":null}}]},"11":{"loc":{"start":{"line":81,"column":16},"end":{"line":85,"column":null}},"type":"if","locations":[{"start":{"line":81,"column":16},"end":{"line":85,"column":null}},{"start":{"line":83,"column":23},"end":{"line":85,"column":null}}]},"12":{"loc":{"start":{"line":91,"column":8},"end":{"line":102,"column":null}},"type":"if","locations":[{"start":{"line":91,"column":8},"end":{"line":102,"column":null}}]},"13":{"loc":{"start":{"line":93,"column":12},"end":{"line":95,"column":null}},"type":"if","locations":[{"start":{"line":93,"column":12},"end":{"line":95,"column":null}}]},"14":{"loc":{"start":{"line":93,"column":16},"end":{"line":93,"column":56}},"type":"binary-expr","locations":[{"start":{"line":93,"column":16},"end":{"line":93,"column":37}},{"start":{"line":93,"column":37},"end":{"line":93,"column":56}}]},"15":{"loc":{"start":{"line":97,"column":12},"end":{"line":101,"column":null}},"type":"if","locations":[{"start":{"line":97,"column":12},"end":{"line":101,"column":null}},{"start":{"line":99,"column":19},"end":{"line":101,"column":null}}]}},"s":{"0":2,"1":3,"2":1,"3":1,"4":1,"5":1,"6":1,"7":3,"8":3,"9":3,"10":0,"11":3,"12":3,"13":3,"14":3,"15":9,"16":9,"17":9,"18":0,"19":9,"20":9,"21":9,"22":3,"23":3,"24":3,"25":6,"26":6,"27":6,"28":0,"29":3,"30":6,"31":6,"32":6,"33":0,"34":6,"35":6,"36":6,"37":0,"38":6,"39":0,"40":0,"41":0,"42":0,"43":0,"44":0,"45":0,"46":3,"47":2},"f":{"0":3,"1":2},"b":{"0":[3,0],"1":[0,3],"2":[0],"3":[3],"4":[6],"5":[6,6],"6":[6,0],"7":[6],"8":[0],"9":[6,3],"10":[6],"11":[6,0],"12":[0],"13":[0],"14":[0,0],"15":[0,0]}}
,"C:\\Data\\Projects\\authup\\repositories\\authup\\global\\packages\\config\\src\\utils\\index.ts": {"path":"C:\\Data\\Projects\\authup\\repositories\\authup\\global\\packages\\config\\src\\utils\\index.ts","statementMap":{"0":{"start":{"line":8,"column":14},"end":{"line":8,"column":null}}},"fnMap":{},"branchMap":{},"s":{"0":1},"f":{},"b":{}}
,"C:\\Data\\Projects\\authup\\repositories\\authup\\global\\packages\\config\\src\\utils\\path-lookup.ts": {"path":"C:\\Data\\Projects\\authup\\repositories\\authup\\global\\packages\\config\\src\\utils\\path-lookup.ts","statementMap":{"0":{"start":{"line":13,"column":16},"end":{"line":13,"column":null}},"1":{"start":{"line":8,"column":50},"end":{"line":8,"column":null}},"2":{"start":{"line":9,"column":17},"end":{"line":9,"column":null}},"3":{"start":{"line":10,"column":20},"end":{"line":10,"column":null}},"4":{"start":{"line":11,"column":28},"end":{"line":11,"column":null}},"5":{"start":{"line":14,"column":27},"end":{"line":16,"column":null}},"6":{"start":{"line":18,"column":4},"end":{"line":24,"column":null}},"7":{"start":{"line":19,"column":38},"end":{"line":19,"column":null}},"8":{"start":{"line":21,"column":8},"end":{"line":21,"column":null}},"9":{"start":{"line":23,"column":8},"end":{"line":23,"column":null}},"10":{"start":{"line":26,"column":4},"end":{"line":26,"column":null}}},"fnMap":{"0":{"name":"buildLookUpPathsForConfigFile","decl":{"start":{"line":13,"column":16},"end":{"line":13,"column":null}},"loc":{"start":{"line":13,"column":16},"end":{"line":27,"column":null}}}},"branchMap":{"0":{"loc":{"start":{"line":18,"column":4},"end":{"line":24,"column":null}},"type":"if","locations":[{"start":{"line":18,"column":4},"end":{"line":24,"column":null}},{"start":{"line":22,"column":11},"end":{"line":24,"column":null}}]}},"s":{"0":2,"1":1,"2":1,"3":1,"4":1,"5":2,"6":2,"7":1,"8":1,"9":1,"10":2},"f":{"0":2},"b":{"0":[1,1]}}
,"C:\\Data\\Projects\\authup\\repositories\\authup\\global\\packages\\config\\src\\utils\\path-resolve.ts": {"path":"C:\\Data\\Projects\\authup\\repositories\\authup\\global\\packages\\config\\src\\utils\\path-resolve.ts","statementMap":{"0":{"start":{"line":11,"column":16},"end":{"line":11,"column":27}},"1":{"start":{"line":19,"column":16},"end":{"line":19,"column":28}},"2":{"start":{"line":8,"column":17},"end":{"line":8,"column":null}},"3":{"start":{"line":9,"column":20},"end":{"line":9,"column":null}},"4":{"start":{"line":12,"column":4},"end":{"line":14,"column":null}},"5":{"start":{"line":13,"column":8},"end":{"line":13,"column":null}},"6":{"start":{"line":16,"column":4},"end":{"line":16,"column":null}},"7":{"start":{"line":20,"column":30},"end":{"line":20,"column":32}},"8":{"start":{"line":22,"column":4},"end":{"line":24,"column":null}},"9":{"start":{"line":22,"column":17},"end":{"line":22,"column":20}},"10":{"start":{"line":23,"column":8},"end":{"line":23,"column":null}},"11":{"start":{"line":26,"column":4},"end":{"line":26,"column":null}}},"fnMap":{"0":{"name":"resolvePath","decl":{"start":{"line":11,"column":16},"end":{"line":11,"column":27}},"loc":{"start":{"line":11,"column":55},"end":{"line":17,"column":null}}},"1":{"name":"resolvePaths","decl":{"start":{"line":19,"column":16},"end":{"line":19,"column":28}},"loc":{"start":{"line":19,"column":56},"end":{"line":27,"column":null}}}},"branchMap":{"0":{"loc":{"start":{"line":12,"column":4},"end":{"line":14,"column":null}},"type":"if","locations":[{"start":{"line":12,"column":4},"end":{"line":14,"column":null}}]},"1":{"loc":{"start":{"line":16,"column":21},"end":{"line":16,"column":43}},"type":"binary-expr","locations":[{"start":{"line":16,"column":21},"end":{"line":16,"column":28}},{"start":{"line":16,"column":28},"end":{"line":16,"column":43}}]}},"s":{"0":1,"1":3,"2":1,"3":1,"4":4,"5":0,"6":4,"7":3,"8":3,"9":3,"10":3,"11":3},"f":{"0":4,"1":3},"b":{"0":[0],"1":[4,4]}}
}
