TN:
SF:src\index.ts
FNF:0
FNH:0
DA:8,1
DA:9,1
LF:2
LH:2
BRF:0
BRH:0
end_of_record
TN:
SF:src\read.ts
FN:20,readConfig
FN:108,extractConfigFor
FNF:2
FNH:2
FNDA:3,readConfig
FNDA:2,extractConfigFor
DA:8,1
DA:9,1
DA:10,1
DA:12,1
DA:13,1
DA:20,3
DA:22,3
DA:23,3
DA:27,3
DA:29,0
DA:32,3
DA:40,3
DA:45,3
DA:46,9
DA:47,9
DA:49,9
DA:50,0
DA:53,9
DA:54,9
DA:56,9
DA:57,3
DA:58,3
DA:59,6
DA:63,6
DA:64,6
DA:66,0
DA:71,3
DA:74,6
DA:75,6
DA:76,6
DA:77,0
DA:80,6
DA:81,6
DA:82,6
DA:84,0
DA:88,6
DA:91,0
DA:92,0
DA:93,0
DA:94,0
DA:97,0
DA:98,0
DA:100,0
DA:105,3
DA:108,2
DA:113,2
LF:46
LH:34
BRDA:22,0,0,3
BRDA:22,0,1,0
BRDA:23,1,0,0
BRDA:23,1,1,3
BRDA:49,2,0,0
BRDA:56,3,0,3
BRDA:59,4,0,6
BRDA:60,5,0,6
BRDA:60,5,1,6
BRDA:63,6,0,6
BRDA:63,6,1,0
BRDA:74,7,0,6
BRDA:76,8,0,0
BRDA:76,9,0,6
BRDA:76,9,1,3
BRDA:80,10,0,6
BRDA:81,11,0,6
BRDA:81,11,1,0
BRDA:91,12,0,0
BRDA:93,13,0,0
BRDA:93,14,0,0
BRDA:93,14,1,0
BRDA:97,15,0,0
BRDA:97,15,1,0
BRF:24
BRH:12
end_of_record
TN:
SF:src\utils\index.ts
FNF:0
FNH:0
DA:8,1
LF:1
LH:1
BRF:0
BRH:0
end_of_record
TN:
SF:src\utils\path-lookup.ts
FN:13,buildLookUpPathsForConfigFile
FNF:1
FNH:1
FNDA:2,buildLookUpPathsForConfigFile
DA:8,1
DA:9,1
DA:10,1
DA:11,1
DA:13,2
DA:14,2
DA:18,2
DA:19,1
DA:21,1
DA:23,1
DA:26,2
LF:11
LH:11
BRDA:18,0,0,1
BRDA:18,0,1,1
BRF:2
BRH:2
end_of_record
TN:
SF:src\utils\path-resolve.ts
FN:11,resolvePath
FN:19,resolvePaths
FNF:2
FNH:2
FNDA:4,resolvePath
FNDA:3,resolvePaths
DA:8,1
DA:9,1
DA:11,1
DA:12,4
DA:13,0
DA:16,4
DA:19,3
DA:20,3
DA:22,3
DA:23,3
DA:26,3
LF:11
LH:10
BRDA:12,0,0,0
BRDA:16,1,0,4
BRDA:16,1,1,4
BRF:3
BRH:2
end_of_record
